Selected disk is sda
Selected disk is sda
Selected disk is 
Selected disk is asdasd
Selected disk is asd
Selected disk is sda
Selected disk is sda
Selected disk is 
Selected disk is 
Selected disk is sda
Selected disk is 
Selected disk is sda
Selected disk is 
Selected disk is sda
Selected disk is sda
Selected disk is zram0
Selected disk is zram0
Selected disk is zram0
Selected disk is zram0
Selected disk is zram0
Selected disk is zram0
Selected disk is zram0
Selected disk is zram0
Selected disk is zram0
Selected disk is zram0
Selected disk is zram0
Selected disk is zram0
Selected disk is zram0
Selected disk is zram0
Selected disk is zram0
Selected disk is zram0
Selected disk is zram0
Selected disk is zram0
Selected disk is zram0
Selected disk is zram0
Selected disk is zram0
Selected disk is zram0
Selected disk is zram0
Selected disk is zram0
Selected disk is zram0
Selected disk is zram0
Selected disk is zram0
Selected disk is zram0
Selected disk is zram0
Selected disk is zram0
Selected disk is zram0
Selected disk is zram0
Selected disk is zram0
Selected disk is zram0
Selected disk is zram0
Selected disk is zram0
Selected disk is zram0
Selected disk is zram0
Selected disk is zram0
Selected disk is zram0
Selected disk is zram0
Selected disk is zram0
Selected disk is zram0
Selected disk is zram0
Selected disk is zram0
Selected disk is zram0
Selected disk is zram0
Selected disk is zram0
Selected disk is zram0
